<?xml version="1.0" encoding="UTF-8"?>
<!-- Generated by org.testng.reporters.JUnitReportReporter -->
<testsuite hostname="Sai" failures="0" tests="2" name="webapplications.Testscenario1" time="45.113" errors="0" timestamp="2022-04-16T18:39:52 IST" skipped="0">
  <testcase classname="webapplications.Testscenario1" name="studentlogin" time="21.698"/>
  <system-out/>
  <testcase classname="webapplications.Testscenario1" name="setup" time="23.415"/>
  <system-out/>
</testsuite> <!-- webapplications.Testscenario1 -->
