<?xml version="1.0" encoding="UTF-8"?>
<!-- Generated by org.testng.reporters.JUnitReportReporter -->
<testsuite hostname="Sai" failures="0" tests="1" name="webapplications.Datepicker" time="16.700" errors="0" timestamp="2022-04-16T18:39:52 IST" skipped="0">
  <testcase classname="webapplications.Datepicker" name="datepicker" time="16.700"/>
  <system-out/>
</testsuite> <!-- webapplications.Datepicker -->
