<?xml version="1.0" encoding="UTF-8"?>
<!-- Generated by org.testng.reporters.JUnitReportReporter -->
<testsuite hostname="Sai" failures="0" tests="1" name="webapplications.FBLogin" time="79.707" errors="0" timestamp="2022-04-30T15:36:31 IST" skipped="0">
  <testcase classname="webapplications.FBLogin" name="login" time="79.707"/>
  <system-out/>
</testsuite> <!-- webapplications.FBLogin -->
