<?xml version="1.0" encoding="UTF-8"?>
<!-- Generated by org.testng.reporters.JUnitReportReporter -->
<testsuite hostname="Sai" failures="0" tests="2" name="webapplications.Testscenario1" time="95.263" errors="0" timestamp="2022-04-30T15:36:31 IST" skipped="0">
  <testcase classname="webapplications.Testscenario1" name="setup" time="63.077"/>
  <system-out/>
  <testcase classname="webapplications.Testscenario1" name="studentlogin" time="32.186"/>
  <system-out/>
</testsuite> <!-- webapplications.Testscenario1 -->
