<?xml version="1.0" encoding="UTF-8"?>
<!-- Generated by org.testng.reporters.JUnitReportReporter -->
<testsuite hostname="Sai" failures="0" tests="1" name="webapplications.Datepicker" time="28.812" errors="0" timestamp="2022-04-30T15:36:31 IST" skipped="0">
  <testcase classname="webapplications.Datepicker" name="datepicker" time="28.812"/>
  <system-out/>
</testsuite> <!-- webapplications.Datepicker -->
